#
# There is insufficient memory for the Java Runtime Environment to continue.
# Native memory allocation (mmap) failed to map 696320 bytes for object start array expansion
# Possible reasons:
#   The system is out of physical RAM or swap space
#   The process is running with CompressedOops enabled, and the Java Heap may be blocking the growth of the native heap
# Possible solutions:
#   Reduce memory load on the system
#   Increase physical memory or swap space
#   Check if swap backing store is full
#   Decrease Java heap size (-Xmx/-Xms)
#   Decrease number of Java threads
#   Decrease Java thread stack sizes (-Xss)
#   Set larger code cache with -XX:ReservedCodeCacheSize=
# This output file may be truncated or incomplete.
#
#  Out of Memory Error (objectStartArray.cpp:102), pid=23128, tid=0x00000000000058bc
#
# JRE version:  (8.0) (build )
# Java VM: OpenJDK 64-Bit Server VM (25.71-b00 mixed mode windows-amd64 compressed oops)
# Failed to write core dump. Minidumps are not enabled by default on client versions of Windows
#

---------------  T H R E A D  ---------------

Current thread (0x0000000002d3e000):  JavaThread "Unknown thread" [_thread_in_vm, id=22716, stack(0x0000000002d40000,0x0000000002e40000)]

Stack: [0x0000000002d40000,0x0000000002e40000]
[error occurred during error reporting (printing stack bounds), id 0xc0000005]

Native frames: (J=compiled Java code, j=interpreted, Vv=VM code, C=native code)


---------------  P R O C E S S  ---------------

Java Threads: ( => current thread )

Other Threads:

=>0x0000000002d3e000 (exited) JavaThread "Unknown thread" [_thread_in_vm, id=22716, stack(0x0000000002d40000,0x0000000002e40000)]

VM state:not at safepoint (not fully initialized)

VM Mutex/Monitor currently owned by a thread: None

heap address: 0x00000005c2000000, size: 8160 MB, Compressed Oops mode: Non-zero based:0x00000005c1fff000, Oop shift amount: 3
Narrow klass base: 0x0000000000000000, Narrow klass shift: 0

GC Heap History (0 events):
No events

Deoptimization events (0 events):
No events

Classes redefined (0 events):
No events

Internal exceptions (0 events):
No events

Events (0 events):
No events


Dynamic libraries:
0x00007ff7dc9c0000 - 0x00007ff7dc9f5000 	C:\Program Files\Android\Jdk\microsoft_dist_openjdk_1.8.0.25\bin\java.exe
0x00007ffdde6c0000 - 0x00007ffdde8b0000 	C:\WINDOWS\SYSTEM32\ntdll.dll
0x00007ffdde2e0000 - 0x00007ffdde392000 	C:\WINDOWS\System32\KERNEL32.DLL
0x00007ffddc240000 - 0x00007ffddc4e5000 	C:\WINDOWS\System32\KERNELBASE.dll
0x00007ffddde60000 - 0x00007ffdddf03000 	C:\WINDOWS\System32\ADVAPI32.dll
0x00007ffddc810000 - 0x00007ffddc8ae000 	C:\WINDOWS\System32\msvcrt.dll
0x00007ffddc770000 - 0x00007ffddc807000 	C:\WINDOWS\System32\sechost.dll
0x00007ffdddbd0000 - 0x00007ffdddcf0000 	C:\WINDOWS\System32\RPCRT4.dll
0x00007ffdde130000 - 0x00007ffdde2c4000 	C:\WINDOWS\System32\USER32.dll
0x00007ffddb630000 - 0x00007ffddb651000 	C:\WINDOWS\System32\win32u.dll
0x00007ffdde650000 - 0x00007ffdde676000 	C:\WINDOWS\System32\GDI32.dll
0x00007ffddb660000 - 0x00007ffddb7f6000 	C:\WINDOWS\System32\gdi32full.dll
0x00007ffddc6d0000 - 0x00007ffddc76e000 	C:\WINDOWS\System32\msvcp_win.dll
0x00007ffddc0b0000 - 0x00007ffddc1aa000 	C:\WINDOWS\System32\ucrtbase.dll
0x00007ffdca1c0000 - 0x00007ffdca444000 	C:\WINDOWS\WinSxS\amd64_microsoft.windows.common-controls_6595b64144ccf1df_6.0.18362.1256_none_9e7e379be45e40e2\COMCTL32.dll
0x00007ffddd290000 - 0x00007ffddd5c6000 	C:\WINDOWS\System32\combase.dll
0x00007ffddc1b0000 - 0x00007ffddc231000 	C:\WINDOWS\System32\bcryptPrimitives.dll
0x00007ffddd260000 - 0x00007ffddd28e000 	C:\WINDOWS\System32\IMM32.DLL
0x00007ffddb270000 - 0x00007ffddb2e4000 	C:\Windows\system32\cssguard64.dll
0x00007ffddc910000 - 0x00007ffddc9d5000 	C:\WINDOWS\System32\OLEAUT32.dll
0x00007ffddc4f0000 - 0x00007ffddc639000 	C:\WINDOWS\System32\CRYPT32.dll
0x00007ffddb570000 - 0x00007ffddb582000 	C:\WINDOWS\System32\MSASN1.dll
0x000000005bb80000 - 0x000000005bc51000 	C:\Program Files\Android\Jdk\microsoft_dist_openjdk_1.8.0.25\jre\bin\msvcr100.dll
0x000000005b330000 - 0x000000005bb75000 	C:\Program Files\Android\Jdk\microsoft_dist_openjdk_1.8.0.25\jre\bin\server\jvm.dll
0x00007ffdde2d0000 - 0x00007ffdde2d8000 	C:\WINDOWS\System32\PSAPI.DLL
0x00007ffdcfed0000 - 0x00007ffdcfed9000 	C:\WINDOWS\SYSTEM32\WSOCK32.dll
0x00007ffdd9300000 - 0x00007ffdd9324000 	C:\WINDOWS\SYSTEM32\WINMM.dll
0x00007ffdde500000 - 0x00007ffdde56f000 	C:\WINDOWS\System32\WS2_32.dll
0x00007ffdd7670000 - 0x00007ffdd767a000 	C:\WINDOWS\SYSTEM32\VERSION.dll
0x00007ffdd9160000 - 0x00007ffdd918d000 	C:\WINDOWS\SYSTEM32\winmmbase.dll
0x00007ffddb800000 - 0x00007ffddb84a000 	C:\WINDOWS\System32\cfgmgr32.dll
0x00007ffdc3810000 - 0x00007ffdc381f000 	C:\Program Files\Android\Jdk\microsoft_dist_openjdk_1.8.0.25\jre\bin\verify.dll
0x00007ffdbde10000 - 0x00007ffdbde39000 	C:\Program Files\Android\Jdk\microsoft_dist_openjdk_1.8.0.25\jre\bin\java.dll
0x00007ffdc1580000 - 0x00007ffdc1596000 	C:\Program Files\Android\Jdk\microsoft_dist_openjdk_1.8.0.25\jre\bin\zip.dll

VM Arguments:
java_command: <unknown>
java_class_path (initial): .
Launcher Type: SUN_STANDARD

Environment Variables:
PATH=C:\Program Files\Android\Jdk\microsoft_dist_openjdk_1.8.0.25\bin;C:\WINDOWS\system32;C:\WINDOWS;C:\WINDOWS\System32\Wbem;C:\WINDOWS\System32\WindowsPowerShell\v1.0\;C:\WINDOWS\System32\OpenSSH\;C:\Program Files\dotnet\;C:\Program Files\Microsoft SQL Server\130\Tools\Binn\;C:\Program Files\Microsoft SQL Server\Client SDK\ODBC\170\Tools\Binn\;C:\Program Files (x86)\Microsoft SQL Server\Client SDK\ODBC\130\Tools\Binn\;C:\Program Files (x86)\Microsoft SQL Server\140\Tools\Binn\;C:\Program Files (x86)\Microsoft SQL Server\140\DTS\Binn\;C:\Program Files (x86)\Microsoft SQL Server\140\Tools\Binn\ManagementStudio\;C:\Program Files\mosquitto;C:\Program Files\VisioForge\VisioForge SDKs .Net TRIAL\Redist\FFMPEG\;C:\Users\PC\AppData\Local\Microsoft\WindowsApps;C:\Users\PC\AppData\Local\GitHubDesktop\bin;C:\Users\PC\.dotnet\tools;C:\Users\PC\.dotnet\tools
USERNAME=PC
OS=Windows_NT
PROCESSOR_IDENTIFIER=Intel64 Family 6 Model 94 Stepping 3, GenuineIntel



---------------  S Y S T E M  ---------------

OS: Windows 10.0 , 64 bit Build 18362 (10.0.18362.1110)

CPU:total 8 (initial active 8) (4 cores per cpu, 2 threads per core) family 6 model 94 stepping 3, cmov, cx8, fxsr, mmx, sse, sse2, sse3, ssse3, sse4.1, sse4.2, popcnt, avx, avx2, aes, clmul, erms, rtm, 3dnowpref, lzcnt, ht, tsc, tscinvbit, bmi1, bmi2, adx

Memory: 4k page, physical 33420396k(2603348k free), swap 33420396k(5248k free)

vm_info: OpenJDK 64-Bit Server VM (25.71-b00) for windows-amd64 JRE (1.8.0-25-microsoft-b00), built on Feb  7 2019 20:09:14 by "builder" with MS VC++ 10.0 (VS2010)

time: Wed Feb 24 09:34:24 2021
timezone: SE Asia Standard Time
elapsed time: 0 seconds (0d 0h 0m 0s)

